{"body":{"entry_fee":0,"format":"single_elimination","game_id":1,"game_mode_id":1,"gamer_tag":"TestPlayer","name":"Test Tournament 1764741291970","platform_id":1,"prize_distribution":[{"percentage":60,"position":1},{"percentage":30,"position":2},{"percentage":10,"position":3}],"start_time":"2026-12-31T15:00:00.000Z","total_slots":8},"level":"info","message":"Creating tournament","timestamp":"2025-12-03 08:54:51","userId":1}
{"level":"info","message":"Tournament created","timestamp":"2025-12-03 08:54:51","tournamentId":1}
{"level":"info","message":"Tournament creation completed","timestamp":"2025-12-03 08:54:52","tournamentId":1}
{"level":"info","message":"Scheduled auto-delete for tournament","startTime":"2026-12-31T15:00:00.000Z","timestamp":"2025-12-03 08:54:52","tournamentId":1}
{"error":"column creator.avatar_url does not exist","level":"error","message":"Error fetching tournament","timestamp":"2025-12-03 08:54:52","tournamentId":"1"}
{"body":{"entry_fee":0,"format":"single_elimination","game_id":1,"game_mode_id":1,"gamer_tag":"TestPlayer","name":"Test Tournament 1764741629826","platform_id":1,"prize_distribution":[{"percentage":60,"position":1},{"percentage":30,"position":2},{"percentage":10,"position":3}],"start_time":"2026-12-31T15:00:00.000Z","total_slots":8},"level":"info","message":"Creating tournament","timestamp":"2025-12-03 09:00:29","userId":2}
{"level":"info","message":"Tournament created","timestamp":"2025-12-03 09:00:29","tournamentId":2}
{"level":"info","message":"Tournament creation completed","timestamp":"2025-12-03 09:00:29","tournamentId":2}
{"level":"info","message":"Scheduled auto-delete for tournament","startTime":"2026-12-31T15:00:00.000Z","timestamp":"2025-12-03 09:00:29","tournamentId":2}
{"error":"column participants->user.avatar_url does not exist","level":"error","message":"Error fetching tournament","timestamp":"2025-12-03 09:00:30","tournamentId":"2"}
{"body":{"entry_fee":0,"format":"single_elimination","game_id":1,"game_mode_id":1,"gamer_tag":"TestPlayer","name":"Test Tournament 1764741809845","platform_id":1,"prize_distribution":[{"percentage":60,"position":1},{"percentage":30,"position":2},{"percentage":10,"position":3}],"start_time":"2026-12-31T15:00:00.000Z","total_slots":8},"level":"info","message":"Creating tournament","timestamp":"2025-12-03 09:03:29","userId":3}
{"level":"info","message":"Tournament created","timestamp":"2025-12-03 09:03:29","tournamentId":3}
{"level":"info","message":"Tournament creation completed","timestamp":"2025-12-03 09:03:29","tournamentId":3}
{"level":"info","message":"Scheduled auto-delete for tournament","startTime":"2026-12-31T15:00:00.000Z","timestamp":"2025-12-03 09:03:29","tournamentId":3}
{"error":"column participants->user.avatar_url does not exist","level":"error","message":"Error fetching tournament","timestamp":"2025-12-03 09:03:30","tournamentId":"3"}
{"body":{"entry_fee":0,"format":"single_elimination","game_id":1,"game_mode_id":1,"gamer_tag":"TestPlayer","name":"Test Tournament 1764741946236","platform_id":1,"prize_distribution":[{"percentage":60,"position":1},{"percentage":30,"position":2},{"percentage":10,"position":3}],"start_time":"2026-12-31T15:00:00.000Z","total_slots":8},"level":"info","message":"Creating tournament","timestamp":"2025-12-03 09:05:46","userId":4}
{"level":"info","message":"Tournament created","timestamp":"2025-12-03 09:05:46","tournamentId":4}
{"level":"info","message":"Tournament creation completed","timestamp":"2025-12-03 09:05:46","tournamentId":4}
{"level":"info","message":"Scheduled auto-delete for tournament","startTime":"2026-12-31T15:00:00.000Z","timestamp":"2025-12-03 09:05:46","tournamentId":4}
{"body":{"entry_fee":0,"format":"single_elimination","game_id":1,"game_mode_id":1,"gamer_tag":"Gen","name":"first tournament","platform_id":1,"prize_distribution":[{"percentage":100,"position":1}],"rules":"","start_time":"2025-12-08T21:30:00.000Z","total_slots":4,"visibility":"public"},"level":"info","message":"Creating tournament","timestamp":"2025-12-08 19:31:21","userId":1}
{"level":"info","message":"Tournament created","timestamp":"2025-12-08 19:31:21","tournamentId":1}
{"error":"notNull Violation: Transaction.order_reference cannot be null","level":"warn","message":"Transaction rolled back due to error","timestamp":"2025-12-08 19:31:21"}
{"error":"notNull Violation: Transaction.order_reference cannot be null","level":"error","message":"Error creating tournament","stack":"SequelizeValidationError: notNull Violation: Transaction.order_reference cannot be null\n    at InstanceValidator._validate (/home/parkstone/Desktop/openTournaments/backend/node_modules/sequelize/lib/instance-validator.js:50:13)\n    at process.processTicksAndRejections (node:internal/process/task_queues:95:5)\n    at async InstanceValidator._validateAndRunHooks (/home/parkstone/Desktop/openTournaments/backend/node_modules/sequelize/lib/instance-validator.js:60:7)\n    at async InstanceValidator.validate (/home/parkstone/Desktop/openTournaments/backend/node_modules/sequelize/lib/instance-validator.js:54:12)\n    at async Transaction.save (/home/parkstone/Desktop/openTournaments/backend/node_modules/sequelize/lib/model.js:2426:7)\n    at async Transaction.create (/home/parkstone/Desktop/openTournaments/backend/node_modules/sequelize/lib/model.js:1362:12)\n    at async createTournament (/home/parkstone/Desktop/openTournaments/backend/controllers/tournamentController.js:174:9)","timestamp":"2025-12-08 19:31:21","userId":1}
{"error":"column Tournament.newest does not exist","level":"error","message":"Error fetching tournaments","timestamp":"2025-12-08 19:42:59"}
{"error":"column Tournament.newest does not exist","level":"error","message":"Error fetching tournaments","timestamp":"2025-12-08 19:43:52"}
{"error":"column Tournament.newest does not exist","level":"error","message":"Error fetching tournaments","timestamp":"2025-12-08 19:44:34"}
{"error":"column Tournament.newest does not exist","level":"error","message":"Error fetching tournaments","timestamp":"2025-12-08 19:44:34"}
{"error":"column Tournament.newest does not exist","level":"error","message":"Error fetching tournaments","timestamp":"2025-12-08 19:44:40"}
{"error":"column Tournament.newest does not exist","level":"error","message":"Error fetching tournaments","timestamp":"2025-12-08 19:44:40"}
{"error":"column Tournament.prize_low does not exist","level":"error","message":"Error fetching tournaments","timestamp":"2025-12-08 19:44:58"}
{"error":"column Tournament.prize_low does not exist","level":"error","message":"Error fetching tournaments","timestamp":"2025-12-08 19:45:19"}
{"error":"column Tournament.newest does not exist","level":"error","message":"Error fetching tournaments","timestamp":"2025-12-08 19:45:46"}
{"error":"column Tournament.newest does not exist","level":"error","message":"Error fetching tournaments","timestamp":"2025-12-08 19:45:48"}
{"error":"column Tournament.newest does not exist","level":"error","message":"Error fetching tournaments","timestamp":"2025-12-08 19:46:16"}
{"error":"column game.slug does not exist","level":"error","message":"Error fetching tournaments","stack":"Error\n    at Query.run (/home/parkstone/Desktop/openTournaments/backend/node_modules/sequelize/lib/dialects/postgres/query.js:50:25)\n    at /home/parkstone/Desktop/openTournaments/backend/node_modules/sequelize/lib/sequelize.js:315:28\n    at process.processTicksAndRejections (node:internal/process/task_queues:95:5)\n    at async PostgresQueryInterface.select (/home/parkstone/Desktop/openTournaments/backend/node_modules/sequelize/lib/dialects/abstract/query-interface.js:407:12)\n    at async Tournament.findAll (/home/parkstone/Desktop/openTournaments/backend/node_modules/sequelize/lib/model.js:1140:21)\n    at async Promise.all (index 1)\n    at async Tournament.findAndCountAll (/home/parkstone/Desktop/openTournaments/backend/node_modules/sequelize/lib/model.js:1322:27)\n    at async getTournaments (/home/parkstone/Desktop/openTournaments/backend/controllers/tournamentController.js:649:29)","timestamp":"2025-12-08 20:07:12"}
{"error":"column game.slug does not exist","level":"error","message":"Error fetching tournaments","stack":"Error\n    at Query.run (/home/parkstone/Desktop/openTournaments/backend/node_modules/sequelize/lib/dialects/postgres/query.js:50:25)\n    at /home/parkstone/Desktop/openTournaments/backend/node_modules/sequelize/lib/sequelize.js:315:28\n    at process.processTicksAndRejections (node:internal/process/task_queues:95:5)\n    at async PostgresQueryInterface.select (/home/parkstone/Desktop/openTournaments/backend/node_modules/sequelize/lib/dialects/abstract/query-interface.js:407:12)\n    at async Tournament.findAll (/home/parkstone/Desktop/openTournaments/backend/node_modules/sequelize/lib/model.js:1140:21)\n    at async Promise.all (index 1)\n    at async Tournament.findAndCountAll (/home/parkstone/Desktop/openTournaments/backend/node_modules/sequelize/lib/model.js:1322:27)\n    at async getTournaments (/home/parkstone/Desktop/openTournaments/backend/controllers/tournamentController.js:649:29)","timestamp":"2025-12-08 20:07:12"}
{"error":"column game.slug does not exist","level":"error","message":"Error fetching tournaments","stack":"Error\n    at Query.run (/home/parkstone/Desktop/openTournaments/backend/node_modules/sequelize/lib/dialects/postgres/query.js:50:25)\n    at /home/parkstone/Desktop/openTournaments/backend/node_modules/sequelize/lib/sequelize.js:315:28\n    at process.processTicksAndRejections (node:internal/process/task_queues:95:5)\n    at async PostgresQueryInterface.select (/home/parkstone/Desktop/openTournaments/backend/node_modules/sequelize/lib/dialects/abstract/query-interface.js:407:12)\n    at async Tournament.findAll (/home/parkstone/Desktop/openTournaments/backend/node_modules/sequelize/lib/model.js:1140:21)\n    at async Promise.all (index 1)\n    at async Tournament.findAndCountAll (/home/parkstone/Desktop/openTournaments/backend/node_modules/sequelize/lib/model.js:1322:27)\n    at async getTournaments (/home/parkstone/Desktop/openTournaments/backend/controllers/tournamentController.js:649:29)","timestamp":"2025-12-08 20:07:22"}
{"error":"column game.slug does not exist","level":"error","message":"Error fetching tournaments","stack":"Error\n    at Query.run (/home/parkstone/Desktop/openTournaments/backend/node_modules/sequelize/lib/dialects/postgres/query.js:50:25)\n    at /home/parkstone/Desktop/openTournaments/backend/node_modules/sequelize/lib/sequelize.js:315:28\n    at process.processTicksAndRejections (node:internal/process/task_queues:95:5)\n    at async PostgresQueryInterface.select (/home/parkstone/Desktop/openTournaments/backend/node_modules/sequelize/lib/dialects/abstract/query-interface.js:407:12)\n    at async Tournament.findAll (/home/parkstone/Desktop/openTournaments/backend/node_modules/sequelize/lib/model.js:1140:21)\n    at async Promise.all (index 1)\n    at async Tournament.findAndCountAll (/home/parkstone/Desktop/openTournaments/backend/node_modules/sequelize/lib/model.js:1322:27)\n    at async getTournaments (/home/parkstone/Desktop/openTournaments/backend/controllers/tournamentController.js:649:29)","timestamp":"2025-12-08 20:07:22"}
{"error":"column game.slug does not exist","level":"error","message":"Error fetching tournaments","stack":"Error\n    at Query.run (/home/parkstone/Desktop/openTournaments/backend/node_modules/sequelize/lib/dialects/postgres/query.js:50:25)\n    at /home/parkstone/Desktop/openTournaments/backend/node_modules/sequelize/lib/sequelize.js:315:28\n    at process.processTicksAndRejections (node:internal/process/task_queues:95:5)\n    at async PostgresQueryInterface.select (/home/parkstone/Desktop/openTournaments/backend/node_modules/sequelize/lib/dialects/abstract/query-interface.js:407:12)\n    at async Tournament.findAll (/home/parkstone/Desktop/openTournaments/backend/node_modules/sequelize/lib/model.js:1140:21)\n    at async Promise.all (index 1)\n    at async Tournament.findAndCountAll (/home/parkstone/Desktop/openTournaments/backend/node_modules/sequelize/lib/model.js:1322:27)\n    at async getTournaments (/home/parkstone/Desktop/openTournaments/backend/controllers/tournamentController.js:649:29)","timestamp":"2025-12-08 20:07:36"}
{"error":"column game.slug does not exist","level":"error","message":"Error fetching tournaments","stack":"Error\n    at Query.run (/home/parkstone/Desktop/openTournaments/backend/node_modules/sequelize/lib/dialects/postgres/query.js:50:25)\n    at /home/parkstone/Desktop/openTournaments/backend/node_modules/sequelize/lib/sequelize.js:315:28\n    at process.processTicksAndRejections (node:internal/process/task_queues:95:5)\n    at async PostgresQueryInterface.select (/home/parkstone/Desktop/openTournaments/backend/node_modules/sequelize/lib/dialects/abstract/query-interface.js:407:12)\n    at async Tournament.findAll (/home/parkstone/Desktop/openTournaments/backend/node_modules/sequelize/lib/model.js:1140:21)\n    at async Promise.all (index 1)\n    at async Tournament.findAndCountAll (/home/parkstone/Desktop/openTournaments/backend/node_modules/sequelize/lib/model.js:1322:27)\n    at async getTournaments (/home/parkstone/Desktop/openTournaments/backend/controllers/tournamentController.js:649:29)","timestamp":"2025-12-08 20:07:36"}
{"error":"column game.slug does not exist","level":"error","message":"Error fetching tournaments","stack":"Error\n    at Query.run (/home/parkstone/Desktop/openTournaments/backend/node_modules/sequelize/lib/dialects/postgres/query.js:50:25)\n    at /home/parkstone/Desktop/openTournaments/backend/node_modules/sequelize/lib/sequelize.js:315:28\n    at process.processTicksAndRejections (node:internal/process/task_queues:95:5)\n    at async PostgresQueryInterface.select (/home/parkstone/Desktop/openTournaments/backend/node_modules/sequelize/lib/dialects/abstract/query-interface.js:407:12)\n    at async Tournament.findAll (/home/parkstone/Desktop/openTournaments/backend/node_modules/sequelize/lib/model.js:1140:21)\n    at async Promise.all (index 1)\n    at async Tournament.findAndCountAll (/home/parkstone/Desktop/openTournaments/backend/node_modules/sequelize/lib/model.js:1322:27)\n    at async getTournaments (/home/parkstone/Desktop/openTournaments/backend/controllers/tournamentController.js:649:29)","timestamp":"2025-12-08 20:18:02"}
{"error":"column game.slug does not exist","level":"error","message":"Error fetching tournaments","stack":"Error\n    at Query.run (/home/parkstone/Desktop/openTournaments/backend/node_modules/sequelize/lib/dialects/postgres/query.js:50:25)\n    at /home/parkstone/Desktop/openTournaments/backend/node_modules/sequelize/lib/sequelize.js:315:28\n    at process.processTicksAndRejections (node:internal/process/task_queues:95:5)\n    at async PostgresQueryInterface.select (/home/parkstone/Desktop/openTournaments/backend/node_modules/sequelize/lib/dialects/abstract/query-interface.js:407:12)\n    at async Tournament.findAll (/home/parkstone/Desktop/openTournaments/backend/node_modules/sequelize/lib/model.js:1140:21)\n    at async Promise.all (index 1)\n    at async Tournament.findAndCountAll (/home/parkstone/Desktop/openTournaments/backend/node_modules/sequelize/lib/model.js:1322:27)\n    at async getTournaments (/home/parkstone/Desktop/openTournaments/backend/controllers/tournamentController.js:649:29)","timestamp":"2025-12-08 20:18:02"}
{"error":"column game.slug does not exist","level":"error","message":"Error fetching tournaments","stack":"Error\n    at Query.run (/home/parkstone/Desktop/openTournaments/backend/node_modules/sequelize/lib/dialects/postgres/query.js:50:25)\n    at /home/parkstone/Desktop/openTournaments/backend/node_modules/sequelize/lib/sequelize.js:315:28\n    at process.processTicksAndRejections (node:internal/process/task_queues:95:5)\n    at async PostgresQueryInterface.select (/home/parkstone/Desktop/openTournaments/backend/node_modules/sequelize/lib/dialects/abstract/query-interface.js:407:12)\n    at async Tournament.findAll (/home/parkstone/Desktop/openTournaments/backend/node_modules/sequelize/lib/model.js:1140:21)\n    at async Promise.all (index 1)\n    at async Tournament.findAndCountAll (/home/parkstone/Desktop/openTournaments/backend/node_modules/sequelize/lib/model.js:1322:27)\n    at async getTournaments (/home/parkstone/Desktop/openTournaments/backend/controllers/tournamentController.js:649:29)","timestamp":"2025-12-08 20:24:52"}
{"error":"column platform.icon does not exist","level":"error","message":"Error fetching tournaments","stack":"Error\n    at Query.run (/home/parkstone/Desktop/openTournaments/backend/node_modules/sequelize/lib/dialects/postgres/query.js:50:25)\n    at /home/parkstone/Desktop/openTournaments/backend/node_modules/sequelize/lib/sequelize.js:315:28\n    at process.processTicksAndRejections (node:internal/process/task_queues:95:5)\n    at async PostgresQueryInterface.select (/home/parkstone/Desktop/openTournaments/backend/node_modules/sequelize/lib/dialects/abstract/query-interface.js:407:12)\n    at async Tournament.findAll (/home/parkstone/Desktop/openTournaments/backend/node_modules/sequelize/lib/model.js:1140:21)\n    at async Promise.all (index 1)\n    at async Tournament.findAndCountAll (/home/parkstone/Desktop/openTournaments/backend/node_modules/sequelize/lib/model.js:1322:27)\n    at async getTournaments (/home/parkstone/Desktop/openTournaments/backend/controllers/tournamentController.js:649:29)","timestamp":"2025-12-08 20:27:02"}
{"error":"column creator.avatar_url does not exist","level":"error","message":"Error fetching tournaments","stack":"Error\n    at Query.run (/home/parkstone/Desktop/openTournaments/backend/node_modules/sequelize/lib/dialects/postgres/query.js:50:25)\n    at /home/parkstone/Desktop/openTournaments/backend/node_modules/sequelize/lib/sequelize.js:315:28\n    at process.processTicksAndRejections (node:internal/process/task_queues:95:5)\n    at async PostgresQueryInterface.select (/home/parkstone/Desktop/openTournaments/backend/node_modules/sequelize/lib/dialects/abstract/query-interface.js:407:12)\n    at async Tournament.findAll (/home/parkstone/Desktop/openTournaments/backend/node_modules/sequelize/lib/model.js:1140:21)\n    at async Promise.all (index 1)\n    at async Tournament.findAndCountAll (/home/parkstone/Desktop/openTournaments/backend/node_modules/sequelize/lib/model.js:1322:27)\n    at async getTournaments (/home/parkstone/Desktop/openTournaments/backend/controllers/tournamentController.js:649:29)","timestamp":"2025-12-08 20:28:26"}
{"error":"column participants.status does not exist","level":"error","message":"Error fetching tournaments","stack":"Error\n    at Query.run (/home/parkstone/Desktop/openTournaments/backend/node_modules/sequelize/lib/dialects/postgres/query.js:50:25)\n    at /home/parkstone/Desktop/openTournaments/backend/node_modules/sequelize/lib/sequelize.js:315:28\n    at process.processTicksAndRejections (node:internal/process/task_queues:95:5)\n    at async PostgresQueryInterface.select (/home/parkstone/Desktop/openTournaments/backend/node_modules/sequelize/lib/dialects/abstract/query-interface.js:407:12)\n    at async Tournament.findAll (/home/parkstone/Desktop/openTournaments/backend/node_modules/sequelize/lib/model.js:1140:21)\n    at async Promise.all (index 1)\n    at async Tournament.findAndCountAll (/home/parkstone/Desktop/openTournaments/backend/node_modules/sequelize/lib/model.js:1322:27)\n    at async getTournaments (/home/parkstone/Desktop/openTournaments/backend/controllers/tournamentController.js:649:29)","timestamp":"2025-12-08 20:29:24"}
{"error":"column prizes.amount does not exist","level":"error","message":"Error fetching tournaments","stack":"Error\n    at Query.run (/home/parkstone/Desktop/openTournaments/backend/node_modules/sequelize/lib/dialects/postgres/query.js:50:25)\n    at /home/parkstone/Desktop/openTournaments/backend/node_modules/sequelize/lib/sequelize.js:315:28\n    at process.processTicksAndRejections (node:internal/process/task_queues:95:5)\n    at async PostgresQueryInterface.select (/home/parkstone/Desktop/openTournaments/backend/node_modules/sequelize/lib/dialects/abstract/query-interface.js:407:12)\n    at async Tournament.findAll (/home/parkstone/Desktop/openTournaments/backend/node_modules/sequelize/lib/model.js:1140:21)\n    at async Promise.all (index 1)\n    at async Tournament.findAndCountAll (/home/parkstone/Desktop/openTournaments/backend/node_modules/sequelize/lib/model.js:1322:27)\n    at async getTournaments (/home/parkstone/Desktop/openTournaments/backend/controllers/tournamentController.js:649:29)","timestamp":"2025-12-08 20:30:52"}
{"body":{"entry_fee":0,"format":"single_elimination","game_id":1,"game_mode_id":1,"gamer_tag":"Gen","name":"first tournament","platform_id":1,"prize_distribution":[{"percentage":100,"position":1}],"rules":"","start_time":"2025-12-08T21:30:00.000Z","total_slots":4,"visibility":"public"},"level":"info","message":"Creating tournament","timestamp":"2025-12-08 21:21:02","userId":1}
{"level":"info","message":"Tournament created","timestamp":"2025-12-08 21:21:02","tournamentId":2}
{"error":"notNull Violation: Transaction.order_reference cannot be null","level":"warn","message":"Transaction rolled back due to error","timestamp":"2025-12-08 21:21:02"}
{"error":"notNull Violation: Transaction.order_reference cannot be null","level":"error","message":"Error creating tournament","stack":"SequelizeValidationError: notNull Violation: Transaction.order_reference cannot be null\n    at InstanceValidator._validate (/home/parkstone/Desktop/openTournaments/backend/node_modules/sequelize/lib/instance-validator.js:50:13)\n    at process.processTicksAndRejections (node:internal/process/task_queues:95:5)\n    at async InstanceValidator._validateAndRunHooks (/home/parkstone/Desktop/openTournaments/backend/node_modules/sequelize/lib/instance-validator.js:60:7)\n    at async InstanceValidator.validate (/home/parkstone/Desktop/openTournaments/backend/node_modules/sequelize/lib/instance-validator.js:54:12)\n    at async Transaction.save (/home/parkstone/Desktop/openTournaments/backend/node_modules/sequelize/lib/model.js:2426:7)\n    at async Transaction.create (/home/parkstone/Desktop/openTournaments/backend/node_modules/sequelize/lib/model.js:1362:12)\n    at async createTournament (/home/parkstone/Desktop/openTournaments/backend/controllers/tournamentController.js:174:9)","timestamp":"2025-12-08 21:21:02","userId":1}
{"body":{"entry_fee":0,"format":"single_elimination","game_id":1,"game_mode_id":1,"gamer_tag":"Gen","name":"first tournament","platform_id":1,"prize_distribution":[{"percentage":75,"position":1},{"percentage":25,"position":2}],"rules":"","start_time":"2025-12-11T21:30:00.000Z","total_slots":2,"visibility":"public"},"level":"info","message":"Creating tournament","timestamp":"2025-12-09 12:55:53","userId":1}
{"level":"info","message":"Tournament created","timestamp":"2025-12-09 12:55:53","tournamentId":1}
{"error":"notNull Violation: Transaction.order_reference cannot be null","level":"warn","message":"Transaction rolled back due to error","timestamp":"2025-12-09 12:55:53"}
{"error":"notNull Violation: Transaction.order_reference cannot be null","level":"error","message":"Error creating tournament","stack":"SequelizeValidationError: notNull Violation: Transaction.order_reference cannot be null\n    at InstanceValidator._validate (/home/parkstone/Desktop/openTournaments/backend/node_modules/sequelize/lib/instance-validator.js:50:13)\n    at process.processTicksAndRejections (node:internal/process/task_queues:95:5)\n    at async InstanceValidator._validateAndRunHooks (/home/parkstone/Desktop/openTournaments/backend/node_modules/sequelize/lib/instance-validator.js:60:7)\n    at async InstanceValidator.validate (/home/parkstone/Desktop/openTournaments/backend/node_modules/sequelize/lib/instance-validator.js:54:12)\n    at async Transaction.save (/home/parkstone/Desktop/openTournaments/backend/node_modules/sequelize/lib/model.js:2426:7)\n    at async Transaction.create (/home/parkstone/Desktop/openTournaments/backend/node_modules/sequelize/lib/model.js:1362:12)\n    at async createTournament (/home/parkstone/Desktop/openTournaments/backend/controllers/tournamentController.js:174:9)","timestamp":"2025-12-09 12:55:53","userId":1}
{"body":{"entry_fee":0,"format":"single_elimination","game_id":1,"game_mode_id":1,"gamer_tag":"Ajax","name":"first tournament","platform_id":1,"prize_distribution":[{"percentage":75,"position":1},{"percentage":25,"position":2}],"rules":"","start_time":"2025-12-11T21:30:00.000Z","total_slots":2,"visibility":"public"},"level":"info","message":"Creating tournament","timestamp":"2025-12-09 13:16:17","userId":1}
{"level":"info","message":"Tournament created","timestamp":"2025-12-09 13:16:17","tournamentId":2}
{"level":"info","message":"Tournament creation completed","timestamp":"2025-12-09 13:16:17","tournamentId":2}
{"level":"info","message":"Scheduled auto-delete for tournament","startTime":"2025-12-11T21:30:00.000Z","timestamp":"2025-12-09 13:16:17","tournamentId":2}
{"level":"info","message":"Updating tournament","timestamp":"2025-12-09 14:34:11","tournamentId":"2","userId":1}
{"level":"info","message":"Tournament updated","timestamp":"2025-12-09 14:34:11","tournamentId":"2"}
{"level":"info","message":"Rescheduled auto-delete for tournament","newStartTime":"2025-12-11T21:30:00.000Z","timestamp":"2025-12-09 14:34:11","tournamentId":"2"}
{"level":"info","message":"Updating tournament","timestamp":"2025-12-09 14:43:38","tournamentId":"2","userId":1}
{"level":"info","message":"Tournament updated","timestamp":"2025-12-09 14:43:38","tournamentId":"2"}
{"level":"info","message":"Rescheduled auto-delete for tournament","newStartTime":"2025-12-11T21:30:00.000Z","timestamp":"2025-12-09 14:43:38","tournamentId":"2"}
{"body":{"entry_fee":0,"format":"single_elimination","game_id":1,"game_mode_id":1,"gamer_tag":"Ajax","name":"first tournament","platform_id":1,"prize_distribution":[{"percentage":75,"position":1},{"percentage":25,"position":2}],"rules":"","start_time":"2025-12-11T21:30:00.000Z","total_slots":2,"visibility":"public"},"level":"info","message":"Creating tournament","timestamp":"2025-12-09 16:54:51","userId":1}
{"level":"info","message":"Tournament created","timestamp":"2025-12-09 16:54:51","tournamentId":1}
{"level":"info","message":"Tournament creation completed","timestamp":"2025-12-09 16:54:51","tournamentId":1}
{"level":"info","message":"Scheduled auto-delete for tournament","startTime":"2025-12-11T21:30:00.000Z","timestamp":"2025-12-09 16:54:51","tournamentId":1}
{"body":{"entry_fee":0,"format":"single_elimination","game_id":1,"game_mode_id":1,"gamer_tag":"Ajax","name":"first tournament","platform_id":1,"prize_distribution":[{"percentage":75,"position":1},{"percentage":25,"position":2}],"rules":"","start_time":"2025-12-11T21:30:00.000Z","total_slots":2,"visibility":"public"},"level":"info","message":"Creating tournament","timestamp":"2025-12-09 19:47:28","userId":1}
{"level":"info","message":"Tournament created","timestamp":"2025-12-09 19:47:28","tournamentId":2}
{"level":"info","message":"Tournament creation completed","timestamp":"2025-12-09 19:47:28","tournamentId":2}
{"level":"info","message":"Scheduled auto-delete for tournament","startTime":"2025-12-11T21:30:00.000Z","timestamp":"2025-12-09 19:47:28","tournamentId":2}
{"body":{"entry_fee":0,"format":"single_elimination","game_id":1,"game_mode_id":1,"gamer_tag":"Ajaxy","name":"first tournament","platform_id":1,"prize_distribution":[{"percentage":75,"position":1},{"percentage":25,"position":2}],"rules":"","start_time":"2025-12-11T21:30:00.000Z","total_slots":2,"visibility":"public"},"level":"info","message":"Creating tournament","timestamp":"2025-12-09 19:55:17","userId":1}
{"level":"info","message":"Tournament created","timestamp":"2025-12-09 19:55:17","tournamentId":3}
{"level":"info","message":"Tournament creation completed","timestamp":"2025-12-09 19:55:17","tournamentId":3}
{"level":"info","message":"Scheduled auto-delete for tournament","startTime":"2025-12-11T21:30:00.000Z","timestamp":"2025-12-09 19:55:17","tournamentId":3}
{"body":{"entry_fee":0,"format":"single_elimination","game_id":2,"game_mode_id":3,"gamer_tag":"Ajaxy","name":"first tournament","platform_id":1,"prize_distribution":[{"percentage":75,"position":1},{"percentage":25,"position":2}],"rules":"","start_time":"2025-12-12T21:30:00.000Z","total_slots":2,"visibility":"public"},"level":"info","message":"Creating tournament","timestamp":"2025-12-10 17:25:02","userId":1}
{"level":"info","message":"Tournament created","timestamp":"2025-12-10 17:25:02","tournamentId":4}
{"level":"info","message":"Tournament creation completed","timestamp":"2025-12-10 17:25:02","tournamentId":4}
{"level":"info","message":"Scheduled auto-delete for tournament","startTime":"2025-12-12T21:30:00.000Z","timestamp":"2025-12-10 17:25:02","tournamentId":4}
{"level":"info","message":"Joining tournament","timestamp":"2025-12-10 17:52:42","tournamentId":"4","userId":2}
{"level":"info","message":"Successfully joined tournament","participantId":5,"timestamp":"2025-12-10 17:52:42","tournamentId":4,"userId":2}
{"error":"Cannot read properties of undefined (reading 'generateTournamentBracket')","level":"error","message":"Failed to generate bracket","timestamp":"2025-12-10 17:52:42","tournamentId":4}
{"level":"info","message":"Starting tournament","timestamp":"2025-12-10 18:02:03","tournamentId":"4","userId":1}
{"level":"info","message":"Tournament started","timestamp":"2025-12-10 18:02:04","tournamentId":"4"}
{"error":"column participant1->user.avatar_url does not exist","level":"error","message":"Error fetching tournament matches","timestamp":"2025-12-10 18:02:05","tournamentId":"4"}
{"error":"column participant1->user.avatar_url does not exist","level":"error","message":"Error fetching tournament matches","timestamp":"2025-12-10 18:02:05","tournamentId":"4"}
{"body":{"entry_fee":0,"format":"single_elimination","game_id":2,"game_mode_id":3,"gamer_tag":"Ajaxy","name":"first tournament","platform_id":1,"prize_distribution":[{"percentage":75,"position":1},{"percentage":25,"position":2}],"rules":"","start_time":"2025-12-14T21:30:00.000Z","total_slots":2,"visibility":"public"},"level":"info","message":"Creating tournament","timestamp":"2025-12-12 08:28:34","userId":2}
{"level":"info","message":"Tournament created","timestamp":"2025-12-12 08:28:34","tournamentId":5}
{"level":"info","message":"Tournament creation completed","timestamp":"2025-12-12 08:28:34","tournamentId":5}
{"level":"info","message":"Scheduled auto-delete for tournament","startTime":"2025-12-14T21:30:00.000Z","timestamp":"2025-12-12 08:28:34","tournamentId":5}
{"level":"info","message":"Updating tournament","timestamp":"2025-12-12 08:29:37","tournamentId":"5","userId":2}
{"level":"info","message":"Tournament updated","timestamp":"2025-12-12 08:29:37","tournamentId":"5"}
{"level":"info","message":"Rescheduled auto-delete for tournament","newStartTime":"2025-12-14T21:30:00.000Z","timestamp":"2025-12-12 08:29:37","tournamentId":"5"}
{"body":{"entry_fee":0,"format":"single_elimination","game_id":2,"game_mode_id":3,"gamer_tag":"Ajaxy","name":"first tournament","platform_id":1,"prize_distribution":[{"percentage":75,"position":1},{"percentage":25,"position":2}],"rules":"","start_time":"2025-12-14T21:30:00.000Z","total_slots":2,"visibility":"public"},"level":"info","message":"Creating tournament","timestamp":"2025-12-13 16:24:15","userId":1}
{"error":"insert or update on table \"tournaments\" violates foreign key constraint \"tournaments_game_id_fkey\"","level":"warn","message":"Transaction rolled back due to error","timestamp":"2025-12-13 16:24:15"}
{"error":"insert or update on table \"tournaments\" violates foreign key constraint \"tournaments_game_id_fkey\"","level":"error","message":"Error creating tournament","stack":"Error\n    at Query.run (/home/parkstone/Desktop/openTournaments/backend/node_modules/sequelize/lib/dialects/postgres/query.js:50:25)\n    at /home/parkstone/Desktop/openTournaments/backend/node_modules/sequelize/lib/sequelize.js:315:28\n    at process.processTicksAndRejections (node:internal/process/task_queues:95:5)\n    at async PostgresQueryInterface.insert (/home/parkstone/Desktop/openTournaments/backend/node_modules/sequelize/lib/dialects/abstract/query-interface.js:308:21)\n    at async Tournament.save (/home/parkstone/Desktop/openTournaments/backend/node_modules/sequelize/lib/model.js:2490:35)\n    at async Tournament.create (/home/parkstone/Desktop/openTournaments/backend/node_modules/sequelize/lib/model.js:1362:12)\n    at async createTournament (/home/parkstone/Desktop/openTournaments/backend/controllers/tournamentController.js:122:26)","timestamp":"2025-12-13 16:24:15","userId":1}
{"body":{"entry_fee":0,"format":"double_elimination","game_id":2,"game_mode_id":3,"gamer_tag":"matrix25102007","name":"December tournament","platform_id":1,"prize_distribution":[{"percentage":100,"position":1}],"rules":"","start_time":"2025-12-15T19:26:00.000Z","total_slots":2,"visibility":"public"},"level":"info","message":"Creating tournament","timestamp":"2025-12-13 19:27:49","userId":1}
{"errors":[{"location":"body","msg":"Gamer tag must be between 2-10 characters.","path":"gamer_tag","type":"field","value":"matrix25102007"}],"level":"warn","message":"Validation failed for tournament creation","timestamp":"2025-12-13 19:27:49"}
{"body":{"entry_fee":0,"format":"double_elimination","game_id":2,"game_mode_id":3,"gamer_tag":"matrix","name":"December tournament","platform_id":1,"prize_distribution":[{"percentage":100,"position":1}],"rules":"","start_time":"2025-12-15T19:26:00.000Z","total_slots":2,"visibility":"public"},"level":"info","message":"Creating tournament","timestamp":"2025-12-13 19:28:35","userId":1}
{"level":"info","message":"Tournament created","timestamp":"2025-12-13 19:28:35","tournamentId":2}
{"level":"info","message":"Tournament creation completed","timestamp":"2025-12-13 19:28:35","tournamentId":2}
{"level":"info","message":"Scheduled auto-delete for tournament","startTime":"2025-12-15T19:26:00.000Z","timestamp":"2025-12-13 19:28:35","tournamentId":2}
{"level":"info","message":"Updating tournament","timestamp":"2025-12-13 19:28:36","tournamentId":"2","userId":1}
{"level":"info","message":"Tournament updated","timestamp":"2025-12-13 19:28:36","tournamentId":"2"}
{"level":"info","message":"Joining tournament","timestamp":"2025-12-13 20:27:26","tournamentId":"2","userId":2}
{"level":"info","message":"Successfully joined tournament","participantId":2,"timestamp":"2025-12-13 20:27:26","tournamentId":2,"userId":2}
{"error":"Cannot read properties of undefined (reading 'generateTournamentBracket')","level":"error","message":"Failed to generate bracket","timestamp":"2025-12-13 20:27:26","tournamentId":2}
{"body":{"entry_fee":0,"format":"double_elimination","game_id":2,"game_mode_id":3,"gamer_tag":"matrix","name":"December Finals","platform_id":1,"prize_distribution":[{"percentage":100,"position":1}],"rules":"","start_time":"2025-12-15T19:26:00.000Z","total_slots":2,"visibility":"public"},"level":"info","message":"Creating tournament","timestamp":"2025-12-13 23:47:34","userId":2}
{"level":"info","message":"Tournament created","timestamp":"2025-12-13 23:47:34","tournamentId":3}
{"level":"info","message":"Tournament creation completed","timestamp":"2025-12-13 23:47:35","tournamentId":3}
{"level":"info","message":"Scheduled auto-delete for tournament","startTime":"2025-12-15T19:26:00.000Z","timestamp":"2025-12-13 23:47:35","tournamentId":3}
{"level":"info","message":"Updating tournament","timestamp":"2025-12-13 23:47:36","tournamentId":"3","userId":2}
{"level":"info","message":"Tournament updated","timestamp":"2025-12-13 23:47:36","tournamentId":"3"}
{"body":{"entry_fee":0,"format":"double_elimination","game_id":2,"game_mode_id":3,"gamer_tag":"matrix","name":"New Year Tournament","platform_id":1,"prize_distribution":[{"percentage":100,"position":1}],"rules":"","start_time":"2025-12-15T19:26:00.000Z","total_slots":2,"visibility":"public"},"level":"info","message":"Creating tournament","timestamp":"2025-12-14 00:01:30","userId":2}
{"level":"info","message":"Tournament created","timestamp":"2025-12-14 00:01:30","tournamentId":4}
{"level":"info","message":"Tournament creation completed","timestamp":"2025-12-14 00:01:30","tournamentId":4}
{"level":"info","message":"Scheduled auto-delete for tournament","startTime":"2025-12-15T19:26:00.000Z","timestamp":"2025-12-14 00:01:30","tournamentId":4}
{"level":"info","message":"Updating tournament","timestamp":"2025-12-14 00:01:31","tournamentId":"4","userId":2}
{"level":"info","message":"Tournament updated","timestamp":"2025-12-14 00:01:31","tournamentId":"4"}
{"level":"info","message":"Joining tournament","timestamp":"2025-12-14 00:05:47","tournamentId":"4","userId":1}
{"level":"info","message":"Successfully joined tournament","participantId":5,"timestamp":"2025-12-14 00:05:47","tournamentId":4,"userId":1}
{"error":"Cannot read properties of undefined (reading 'generateTournamentBracket')","level":"error","message":"Failed to generate bracket","timestamp":"2025-12-14 00:05:47","tournamentId":4}
{"body":{"entry_fee":0,"format":"double_elimination","game_id":2,"game_mode_id":3,"gamer_tag":"matrix","name":"New Year Tournament","platform_id":1,"prize_distribution":[{"percentage":100,"position":1}],"rules":"","start_time":"2025-12-15T19:26:00.000Z","total_slots":2,"visibility":"public"},"level":"info","message":"Creating tournament","timestamp":"2025-12-14 17:19:42","userId":1}
{"error":"insert or update on table \"tournaments\" violates foreign key constraint \"tournaments_game_id_fkey\"","level":"warn","message":"Transaction rolled back due to error","timestamp":"2025-12-14 17:19:42"}
{"error":"insert or update on table \"tournaments\" violates foreign key constraint \"tournaments_game_id_fkey\"","level":"error","message":"Error creating tournament","stack":"Error\n    at Query.run (/home/parkstone/Desktop/openTournaments/backend/node_modules/sequelize/lib/dialects/postgres/query.js:50:25)\n    at /home/parkstone/Desktop/openTournaments/backend/node_modules/sequelize/lib/sequelize.js:315:28\n    at process.processTicksAndRejections (node:internal/process/task_queues:95:5)\n    at async PostgresQueryInterface.insert (/home/parkstone/Desktop/openTournaments/backend/node_modules/sequelize/lib/dialects/abstract/query-interface.js:308:21)\n    at async Tournament.save (/home/parkstone/Desktop/openTournaments/backend/node_modules/sequelize/lib/model.js:2490:35)\n    at async Tournament.create (/home/parkstone/Desktop/openTournaments/backend/node_modules/sequelize/lib/model.js:1362:12)\n    at async createTournament (/home/parkstone/Desktop/openTournaments/backend/controllers/tournamentController.js:122:26)","timestamp":"2025-12-14 17:19:42","userId":1}
{"body":{"entry_fee":0,"format":"double_elimination","game_id":2,"game_mode_id":3,"gamer_tag":"matrix","name":"New Year Tournament","platform_id":1,"prize_distribution":[{"percentage":100,"position":1}],"rules":"","start_time":"2025-12-15T19:26:00.000Z","total_slots":2,"visibility":"public"},"level":"info","message":"Creating tournament","timestamp":"2025-12-14 17:21:22","userId":1}
{"level":"info","message":"Tournament created","timestamp":"2025-12-14 17:21:22","tournamentId":2}
{"level":"info","message":"Tournament creation completed","timestamp":"2025-12-14 17:21:22","tournamentId":2}
{"level":"info","message":"Scheduled auto-delete for tournament","startTime":"2025-12-15T19:26:00.000Z","timestamp":"2025-12-14 17:21:22","tournamentId":2}
{"level":"info","message":"Joining tournament","timestamp":"2025-12-14 17:23:31","tournamentId":"2","userId":2}
{"level":"info","message":"Successfully joined tournament","participantId":2,"timestamp":"2025-12-14 17:23:31","tournamentId":2,"userId":2}
{"error":"Cannot read properties of undefined (reading 'generateTournamentBracket')","level":"error","message":"Failed to generate bracket","timestamp":"2025-12-14 17:23:31","tournamentId":2}
{"body":{"entry_fee":0,"format":"double_elimination","game_id":2,"game_mode_id":3,"gamer_tag":"matrix","name":"New Year Tournament","platform_id":1,"prize_distribution":[{"percentage":100,"position":1}],"rules":"","start_time":"2025-12-15T19:26:00.000Z","total_slots":2,"visibility":"public"},"level":"info","message":"Creating tournament","timestamp":"2025-12-14 17:28:21","userId":2}
{"level":"info","message":"Tournament created","timestamp":"2025-12-14 17:28:21","tournamentId":3}
{"level":"info","message":"Tournament creation completed","timestamp":"2025-12-14 17:28:21","tournamentId":3}
{"level":"info","message":"Scheduled auto-delete for tournament","startTime":"2025-12-15T19:26:00.000Z","timestamp":"2025-12-14 17:28:21","tournamentId":3}
{"level":"info","message":"Deleting tournament","timestamp":"2025-12-14 17:29:52","tournamentId":"3","userId":2}
{"level":"info","message":"Tournament deleted","timestamp":"2025-12-14 17:29:52","tournamentId":"3"}
{"body":{"entry_fee":0,"format":"double_elimination","game_id":2,"game_mode_id":3,"gamer_tag":"matrix","name":"New Year Tournament","platform_id":1,"prize_distribution":[{"percentage":100,"position":1}],"rules":"","start_time":"2025-12-15T19:26:00.000Z","total_slots":2,"visibility":"public"},"level":"info","message":"Creating tournament","timestamp":"2025-12-14 17:41:39","userId":2}
{"level":"info","message":"Tournament created","timestamp":"2025-12-14 17:41:39","tournamentId":4}
{"level":"info","message":"Tournament creation completed","timestamp":"2025-12-14 17:41:39","tournamentId":4}
{"level":"info","message":"Scheduled auto-delete for tournament","startTime":"2025-12-15T19:26:00.000Z","timestamp":"2025-12-14 17:41:39","tournamentId":4}
{"level":"info","message":"Updating tournament","timestamp":"2025-12-14 17:41:40","tournamentId":"4","userId":2}
{"level":"info","message":"Tournament updated","timestamp":"2025-12-14 17:41:40","tournamentId":"4"}
{"level":"info","message":"Joining tournament","timestamp":"2025-12-14 17:43:22","tournamentId":"4","userId":1}
{"level":"info","message":"Successfully joined tournament","participantId":5,"timestamp":"2025-12-14 17:43:22","tournamentId":4,"userId":1}
{"error":"Cannot read properties of undefined (reading 'generateTournamentBracket')","level":"error","message":"Failed to generate bracket","timestamp":"2025-12-14 17:43:22","tournamentId":4}
{"body":{"entry_fee":0,"format":"single_elimination","game_id":3,"game_mode_id":4,"gamer_tag":"testUser1","name":"Test tournament 1","platform_id":1,"prize_distribution":[{"percentage":100,"position":1}],"rules":"","start_time":"2025-12-21T16:41:00.000Z","total_slots":2,"visibility":"public"},"level":"info","message":"Creating tournament","timestamp":"2025-12-20 16:41:50","userId":4}
{"level":"info","message":"Tournament created","timestamp":"2025-12-20 16:41:50","tournamentId":5}
{"level":"info","message":"Tournament creation completed","timestamp":"2025-12-20 16:41:50","tournamentId":5}
{"level":"info","message":"Scheduled auto-delete for tournament","startTime":"2025-12-21T16:41:00.000Z","timestamp":"2025-12-20 16:41:50","tournamentId":5}
{"level":"info","message":"Updating tournament","timestamp":"2025-12-20 16:41:50","tournamentId":"5","userId":4}
{"level":"info","message":"Tournament updated","timestamp":"2025-12-20 16:41:50","tournamentId":"5"}
{"level":"info","message":"Joining tournament","timestamp":"2025-12-20 16:42:31","tournamentId":"5","userId":3}
{"level":"info","message":"Successfully joined tournament","participantId":7,"timestamp":"2025-12-20 16:42:31","tournamentId":5,"userId":3}
{"error":"Cannot read properties of undefined (reading 'generateTournamentBracket')","level":"error","message":"Failed to generate bracket","timestamp":"2025-12-20 16:42:31","tournamentId":5}
{"level":"info","message":"Starting tournament","timestamp":"2025-12-21 08:33:14","tournamentId":"5","userId":4}
{"level":"info","message":"Tournament started","timestamp":"2025-12-21 08:33:14","tournamentId":"5"}
{"body":{"entry_fee":0,"format":"double_elimination","game_id":3,"game_mode_id":4,"gamer_tag":"testUser1","name":"Test tournament 1","platform_id":1,"prize_distribution":[{"percentage":100,"position":1}],"rules":"","start_time":"2025-12-21T16:41:00.000Z","total_slots":2,"visibility":"public"},"level":"info","message":"Creating tournament","timestamp":"2025-12-21 08:34:54","userId":4}
{"level":"info","message":"Tournament created","timestamp":"2025-12-21 08:34:54","tournamentId":6}
{"level":"info","message":"Tournament creation completed","timestamp":"2025-12-21 08:34:54","tournamentId":6}
{"level":"info","message":"Scheduled auto-delete for tournament","startTime":"2025-12-21T16:41:00.000Z","timestamp":"2025-12-21 08:34:54","tournamentId":6}
{"level":"info","message":"Updating tournament","timestamp":"2025-12-21 08:34:54","tournamentId":"6","userId":4}
{"level":"info","message":"Tournament updated","timestamp":"2025-12-21 08:34:54","tournamentId":"6"}
{"level":"info","message":"Joining tournament","timestamp":"2025-12-21 08:35:32","tournamentId":"6","userId":3}
{"level":"info","message":"Successfully joined tournament","participantId":9,"timestamp":"2025-12-21 08:35:32","tournamentId":6,"userId":3}
{"error":"Cannot read properties of undefined (reading 'generateTournamentBracket')","level":"error","message":"Failed to generate bracket","timestamp":"2025-12-21 08:35:32","tournamentId":6}
{"level":"info","message":"Starting tournament","timestamp":"2025-12-21 08:36:39","tournamentId":"6","userId":4}
{"error":"notNull Violation: Match.participant1_id cannot be null,\nnotNull Violation: Match.participant2_id cannot be null","level":"warn","message":"Transaction rolled back due to error","timestamp":"2025-12-21 08:36:39"}
{"error":"notNull Violation: Match.participant1_id cannot be null,\nnotNull Violation: Match.participant2_id cannot be null","level":"error","message":"Error starting tournament","stack":"SequelizeValidationError: notNull Violation: Match.participant1_id cannot be null,\nnotNull Violation: Match.participant2_id cannot be null\n    at InstanceValidator._validate (/home/parkstone/Desktop/openTournaments/backend/node_modules/sequelize/lib/instance-validator.js:50:13)\n    at process.processTicksAndRejections (node:internal/process/task_queues:95:5)\n    at async InstanceValidator._validateAndRunHooks (/home/parkstone/Desktop/openTournaments/backend/node_modules/sequelize/lib/instance-validator.js:60:7)\n    at async InstanceValidator.validate (/home/parkstone/Desktop/openTournaments/backend/node_modules/sequelize/lib/instance-validator.js:54:12)\n    at async Match.save (/home/parkstone/Desktop/openTournaments/backend/node_modules/sequelize/lib/model.js:2426:7)\n    at async Match.create (/home/parkstone/Desktop/openTournaments/backend/node_modules/sequelize/lib/model.js:1362:12)\n    at async generateDoubleEliminationBracket (/home/parkstone/Desktop/openTournaments/backend/services/bracketService.js:335:23)\n    at async generateBracket (/home/parkstone/Desktop/openTournaments/backend/services/bracketService.js:18:9)\n    at async startTournament (/home/parkstone/Desktop/openTournaments/backend/controllers/tournamentController.js:1237:9)","timestamp":"2025-12-21 08:36:39","tournamentId":"6","userId":4}
{"body":{"entry_fee":0,"format":"double_elimination","game_id":20,"game_mode_id":4,"gamer_tag":"testUser2","name":"test T2","platform_id":13,"prize_distribution":[{"percentage":100,"position":1}],"rules":"","start_time":"2025-12-22T09:46:00.000Z","total_slots":2,"visibility":"public"},"level":"info","message":"Creating tournament","timestamp":"2025-12-21 09:46:51","userId":2}
{"level":"info","message":"Tournament created","timestamp":"2025-12-21 09:46:51","tournamentId":1}
{"level":"info","message":"Tournament creation completed","timestamp":"2025-12-21 09:46:51","tournamentId":1}
{"level":"info","message":"Scheduled auto-delete for tournament","startTime":"2025-12-22T09:46:00.000Z","timestamp":"2025-12-21 09:46:51","tournamentId":1}
{"level":"info","message":"Updating tournament","timestamp":"2025-12-21 09:46:51","tournamentId":"1","userId":2}
{"level":"info","message":"Tournament updated","timestamp":"2025-12-21 09:46:51","tournamentId":"1"}
{"level":"info","message":"Joining tournament","timestamp":"2025-12-21 09:47:31","tournamentId":"1","userId":1}
{"level":"info","message":"Successfully joined tournament","participantId":2,"timestamp":"2025-12-21 09:47:31","tournamentId":1,"userId":1}
{"error":"Cannot read properties of undefined (reading 'generateTournamentBracket')","level":"error","message":"Failed to generate bracket","timestamp":"2025-12-21 09:47:31","tournamentId":1}
{"level":"info","message":"Starting tournament","timestamp":"2025-12-21 09:48:25","tournamentId":"1","userId":2}
{"level":"info","message":"Tournament started","timestamp":"2025-12-21 09:48:25","tournamentId":"1"}
{"body":{"entry_fee":0,"format":"double_elimination","game_id":1,"game_mode_id":1,"gamer_tag":"testUser2","name":"testT 2","platform_id":1,"prize_distribution":[{"percentage":100,"position":1}],"rules":"","start_time":"2025-12-22T11:14:00.000Z","total_slots":2,"visibility":"public"},"level":"info","message":"Creating tournament","timestamp":"2025-12-21 11:15:01","userId":1}
{"level":"info","message":"Tournament created","timestamp":"2025-12-21 11:15:01","tournamentId":1}
{"level":"info","message":"Tournament creation completed","timestamp":"2025-12-21 11:15:01","tournamentId":1}
{"level":"info","message":"Scheduled auto-delete for tournament","startTime":"2025-12-22T11:14:00.000Z","timestamp":"2025-12-21 11:15:01","tournamentId":1}
{"level":"info","message":"Updating tournament","timestamp":"2025-12-21 11:15:01","tournamentId":"1","userId":1}
{"level":"info","message":"Tournament updated","timestamp":"2025-12-21 11:15:01","tournamentId":"1"}
{"level":"info","message":"Joining tournament","timestamp":"2025-12-21 11:16:23","tournamentId":"1","userId":2}
{"level":"info","message":"Successfully joined tournament","participantId":2,"timestamp":"2025-12-21 11:16:23","tournamentId":1,"userId":2}
{"error":"Cannot read properties of undefined (reading 'generateTournamentBracket')","level":"error","message":"Failed to generate bracket","timestamp":"2025-12-21 11:16:23","tournamentId":1}
{"level":"info","message":"Starting tournament","timestamp":"2025-12-21 11:16:47","tournamentId":"1","userId":1}
{"error":"Series is not defined","level":"warn","message":"Transaction rolled back due to error","timestamp":"2025-12-21 11:16:47"}
{"error":"Series is not defined","level":"error","message":"Error starting tournament","stack":"ReferenceError: Series is not defined\n    at generateBestOfThreeBracket (/home/parkstone/Desktop/openTournaments/backend/services/bracketService.js:542:18)\n    at generateBracket (/home/parkstone/Desktop/openTournaments/backend/services/bracketService.js:24:15)\n    at process.processTicksAndRejections (node:internal/process/task_queues:95:5)\n    at async startTournament (/home/parkstone/Desktop/openTournaments/backend/controllers/tournamentController.js:1244:9)","timestamp":"2025-12-21 11:16:47","tournamentId":"1","userId":1}
{"level":"info","message":"Starting tournament","timestamp":"2025-12-21 11:18:18","tournamentId":"1","userId":1}
{"error":"Cannot access 'series' before initialization","level":"warn","message":"Transaction rolled back due to error","timestamp":"2025-12-21 11:18:18"}
{"error":"Cannot access 'series' before initialization","level":"error","message":"Error starting tournament","stack":"ReferenceError: Cannot access 'series' before initialization\n    at generateBestOfThreeBracket (/home/parkstone/Desktop/openTournaments/backend/services/bracketService.js:543:18)\n    at generateBracket (/home/parkstone/Desktop/openTournaments/backend/services/bracketService.js:25:15)\n    at process.processTicksAndRejections (node:internal/process/task_queues:95:5)\n    at async startTournament (/home/parkstone/Desktop/openTournaments/backend/controllers/tournamentController.js:1244:9)","timestamp":"2025-12-21 11:18:18","tournamentId":"1","userId":1}
{"level":"info","message":"Starting tournament","timestamp":"2025-12-21 11:19:19","tournamentId":"1","userId":1}
{"error":"Cannot access 'series' before initialization","level":"warn","message":"Transaction rolled back due to error","timestamp":"2025-12-21 11:19:19"}
{"error":"Cannot access 'series' before initialization","level":"error","message":"Error starting tournament","stack":"ReferenceError: Cannot access 'series' before initialization\n    at generateBestOfThreeBracket (/home/parkstone/Desktop/openTournaments/backend/services/bracketService.js:543:18)\n    at generateBracket (/home/parkstone/Desktop/openTournaments/backend/services/bracketService.js:25:15)\n    at process.processTicksAndRejections (node:internal/process/task_queues:95:5)\n    at async startTournament (/home/parkstone/Desktop/openTournaments/backend/controllers/tournamentController.js:1244:9)","timestamp":"2025-12-21 11:19:19","tournamentId":"1","userId":1}
{"level":"info","message":"Starting tournament","timestamp":"2025-12-21 11:20:48","tournamentId":"1","userId":1}
{"error":"invalid input value for enum enum_matches_bracket_type: \"series\"","level":"warn","message":"Transaction rolled back due to error","timestamp":"2025-12-21 11:20:48"}
{"error":"invalid input value for enum enum_matches_bracket_type: \"series\"","level":"error","message":"Error starting tournament","stack":"Error\n    at Query.run (/home/parkstone/Desktop/openTournaments/backend/node_modules/sequelize/lib/dialects/postgres/query.js:50:25)\n    at /home/parkstone/Desktop/openTournaments/backend/node_modules/sequelize/lib/sequelize.js:315:28\n    at process.processTicksAndRejections (node:internal/process/task_queues:95:5)\n    at async PostgresQueryInterface.insert (/home/parkstone/Desktop/openTournaments/backend/node_modules/sequelize/lib/dialects/abstract/query-interface.js:308:21)\n    at async Match.save (/home/parkstone/Desktop/openTournaments/backend/node_modules/sequelize/lib/model.js:2490:35)\n    at async Match.create (/home/parkstone/Desktop/openTournaments/backend/node_modules/sequelize/lib/model.js:1362:12)\n    at async generateBestOfThreeBracket (/home/parkstone/Desktop/openTournaments/backend/services/bracketService.js:553:3)\n    at async generateBracket (/home/parkstone/Desktop/openTournaments/backend/services/bracketService.js:25:9)\n    at async startTournament (/home/parkstone/Desktop/openTournaments/backend/controllers/tournamentController.js:1244:9)","timestamp":"2025-12-21 11:20:48","tournamentId":"1","userId":1}
{"level":"info","message":"Starting tournament","timestamp":"2025-12-21 11:39:33","tournamentId":"1","userId":1}
{"level":"info","message":"Tournament started","timestamp":"2025-12-21 11:39:33","tournamentId":"1"}
{"body":{"entry_fee":0,"format":"double_elimination","game_id":3,"game_mode_id":4,"gamer_tag":"testUser1","name":"Test tournament 1","platform_id":1,"prize_distribution":[{"percentage":100,"position":1}],"rules":"","start_time":"2025-12-21T16:41:00.000Z","total_slots":2,"visibility":"public"},"level":"info","message":"Creating tournament","timestamp":"2025-12-21 11:52:02","userId":1}
{"level":"info","message":"Tournament created","timestamp":"2025-12-21 11:52:02","tournamentId":1}
{"level":"info","message":"Tournament creation completed","timestamp":"2025-12-21 11:52:02","tournamentId":1}
{"level":"info","message":"Scheduled auto-delete for tournament","startTime":"2025-12-21T16:41:00.000Z","timestamp":"2025-12-21 11:52:02","tournamentId":1}
{"level":"info","message":"Updating tournament","timestamp":"2025-12-21 11:52:02","tournamentId":"1","userId":1}
{"level":"info","message":"Tournament updated","timestamp":"2025-12-21 11:52:02","tournamentId":"1"}
{"level":"info","message":"Joining tournament","timestamp":"2025-12-21 11:52:19","tournamentId":"1","userId":2}
{"level":"info","message":"Successfully joined tournament","participantId":2,"timestamp":"2025-12-21 11:52:19","tournamentId":1,"userId":2}
{"error":"Cannot read properties of undefined (reading 'generateTournamentBracket')","level":"error","message":"Failed to generate bracket","timestamp":"2025-12-21 11:52:19","tournamentId":1}
{"level":"info","message":"Starting tournament","timestamp":"2025-12-21 11:52:54","tournamentId":"1","userId":1}
{"level":"info","message":"Tournament started","timestamp":"2025-12-21 11:52:54","tournamentId":"1"}
{"body":{"entry_fee":0,"format":"double_elimination","game_id":1,"game_mode_id":1,"gamer_tag":"testUser2","name":"testT 2","platform_id":1,"prize_distribution":[{"percentage":100,"position":1}],"rules":"","start_time":"2025-12-22T11:14:00.000Z","total_slots":2,"visibility":"public"},"level":"info","message":"Creating tournament","timestamp":"2025-12-21 12:45:16","userId":2}
{"level":"info","message":"Tournament created","timestamp":"2025-12-21 12:45:16","tournamentId":2}
{"level":"info","message":"Tournament creation completed","timestamp":"2025-12-21 12:45:16","tournamentId":2}
{"level":"info","message":"Scheduled auto-delete for tournament","startTime":"2025-12-22T11:14:00.000Z","timestamp":"2025-12-21 12:45:16","tournamentId":2}
{"level":"info","message":"Updating tournament","timestamp":"2025-12-21 12:45:16","tournamentId":"2","userId":2}
{"level":"info","message":"Tournament updated","timestamp":"2025-12-21 12:45:16","tournamentId":"2"}
{"body":{"client_currency":"USD","currency":"USD","entry_fee":1,"format":"double_elimination","game_id":3,"game_mode_id":4,"gamer_tag":"testUser1","name":"Test tournament 1","platform_id":1,"prize_distribution":[{"percentage":100,"position":1}],"request_currency":"USD","rules":"","start_time":"2025-12-27T16:45:00.000Z","total_slots":2,"visibility":"public"},"level":"info","message":"Creating tournament","timestamp":"2025-12-23 23:52:22","userId":1}
{"level":"info","message":"Tournament created","timestamp":"2025-12-23 23:52:22","tournamentId":3}
{"level":"info","message":"Tournament creation completed","timestamp":"2025-12-23 23:52:22","tournamentId":3}
{"level":"info","message":"Scheduled auto-delete for tournament","startTime":"2025-12-27T16:45:00.000Z","timestamp":"2025-12-23 23:52:22","tournamentId":3}
{"level":"info","message":"Updating tournament","timestamp":"2025-12-23 23:52:22","tournamentId":"3","userId":1}
{"level":"info","message":"Tournament updated","timestamp":"2025-12-23 23:52:22","tournamentId":"3"}
{"body":{"client_currency":"TZS","currency":"TZS","entry_fee":1,"format":"double_elimination","game_id":3,"game_mode_id":4,"gamer_tag":"testUser1","name":"Test tournament 1","platform_id":1,"prize_distribution":[{"percentage":100,"position":1}],"request_currency":"TZS","rules":"","start_time":"2025-12-27T16:45:00.000Z","total_slots":2,"visibility":"private"},"level":"info","message":"Creating tournament","timestamp":"2025-12-24 10:56:32","userId":1}
{"level":"info","message":"Tournament created","timestamp":"2025-12-24 10:56:32","tournamentId":4}
{"level":"info","message":"Tournament creation completed","timestamp":"2025-12-24 10:56:32","tournamentId":4}
{"level":"info","message":"Scheduled auto-delete for tournament","startTime":"2025-12-27T16:45:00.000Z","timestamp":"2025-12-24 10:56:32","tournamentId":4}
{"level":"info","message":"Updating tournament","timestamp":"2025-12-24 10:56:32","tournamentId":"4","userId":1}
{"level":"info","message":"Tournament updated","timestamp":"2025-12-24 10:56:32","tournamentId":"4"}
{"body":{"client_currency":"TZS","currency":"TZS","entry_fee":0,"format":"double_elimination","game_id":2,"game_mode_id":3,"gamer_tag":"matrix","name":"New Year Tournament","platform_id":1,"prize_distribution":[{"percentage":100,"position":1}],"request_currency":"TZS","rules":"","start_time":"2025-12-30T19:26:00.000Z","total_slots":2,"visibility":"public"},"level":"info","message":"Creating tournament","timestamp":"2025-12-28 00:29:18","userId":3}
{"additionalContribution":0,"level":"info","message":"Tournament created","prizePool":0,"timestamp":"2025-12-28 00:29:18","tournamentId":5}
{"level":"info","message":"Tournament creation completed","prizePool":0,"timestamp":"2025-12-28 00:29:18","tournamentId":5}
{"level":"info","message":"Scheduled auto-delete for tournament","startTime":"2025-12-30T19:26:00.000Z","timestamp":"2025-12-28 00:29:18","tournamentId":5}
{"body":{"client_currency":"TZS","currency":"TZS","entry_fee":0,"format":"double_elimination","game_id":2,"game_mode_id":3,"gamer_tag":"testUser1","name":"Boosted Tournament","platform_id":1,"prize_distribution":[{"percentage":100,"position":1}],"request_currency":"TZS","rules":"","start_time":"2025-12-30T16:45:00.000Z","total_slots":2,"visibility":"public"},"level":"info","message":"Creating tournament","timestamp":"2025-12-28 00:40:49","userId":1}
{"additionalContribution":0,"level":"info","message":"Tournament created","prizePool":0,"timestamp":"2025-12-28 00:40:49","tournamentId":6}
{"level":"info","message":"Tournament creation completed","prizePool":0,"timestamp":"2025-12-28 00:40:49","tournamentId":6}
{"level":"info","message":"Scheduled auto-delete for tournament","startTime":"2025-12-30T16:45:00.000Z","timestamp":"2025-12-28 00:40:49","tournamentId":6}
{"level":"info","message":"Updating tournament","timestamp":"2025-12-28 00:40:49","tournamentId":"6","userId":1}
{"level":"info","message":"Tournament updated","timestamp":"2025-12-28 00:40:49","tournamentId":"6"}
{"body":{"client_currency":"TZS","currency":"TZS","entry_fee":0,"format":"double_elimination","game_id":2,"game_mode_id":3,"gamer_tag":"testUser1","name":"Boosted Tournament","platform_id":1,"prize_distribution":[{"percentage":100,"position":1}],"request_currency":"TZS","rules":"","start_time":"2025-12-30T16:45:00.000Z","total_slots":2,"visibility":"public"},"level":"info","message":"Creating tournament","timestamp":"2025-12-28 00:44:20","userId":1}
{"additionalContribution":0,"level":"info","message":"Tournament created","prizePool":0,"timestamp":"2025-12-28 00:44:20","tournamentId":7}
{"level":"info","message":"Tournament creation completed","prizePool":0,"timestamp":"2025-12-28 00:44:20","tournamentId":7}
{"level":"info","message":"Scheduled auto-delete for tournament","startTime":"2025-12-30T16:45:00.000Z","timestamp":"2025-12-28 00:44:20","tournamentId":7}
{"level":"info","message":"Updating tournament","timestamp":"2025-12-28 00:44:20","tournamentId":"7","userId":1}
{"level":"info","message":"Tournament updated","timestamp":"2025-12-28 00:44:20","tournamentId":"7"}
{"level":"info","message":"Deleting tournament","timestamp":"2025-12-28 00:44:33","tournamentId":"7","userId":1}
{"level":"info","message":"Tournament deleted","timestamp":"2025-12-28 00:44:33","tournamentId":"7"}
{"body":{"client_currency":"TZS","currency":"TZS","entry_fee":0,"format":"double_elimination","game_id":2,"game_mode_id":3,"gamer_tag":"Gen Evolver","name":"Boosted Tournament","platform_id":1,"prize_distribution":[{"percentage":100,"position":1}],"request_currency":"TZS","rules":"","start_time":"2025-12-30T16:45:00.000Z","total_slots":2,"visibility":"public"},"level":"info","message":"Creating tournament","timestamp":"2025-12-28 01:29:06","userId":1}
{"errors":[{"location":"body","msg":"Gamer tag must be between 2-10 characters.","path":"gamer_tag","type":"field","value":"Gen Evolver"}],"level":"warn","message":"Validation failed for tournament creation","timestamp":"2025-12-28 01:29:06"}
{"body":{"client_currency":"TZS","currency":"TZS","entry_fee":0,"format":"double_elimination","game_id":2,"game_mode_id":3,"gamer_tag":"GenEvolver","name":"Boosted Tournament","platform_id":1,"prize_distribution":[{"percentage":100,"position":1}],"request_currency":"TZS","rules":"","start_time":"2025-12-30T16:45:00.000Z","total_slots":2,"visibility":"public"},"level":"info","message":"Creating tournament","timestamp":"2025-12-28 01:29:32","userId":1}
{"additionalContribution":0,"level":"info","message":"Tournament created","prizePool":0,"timestamp":"2025-12-28 01:29:32","tournamentId":8}
{"level":"info","message":"Tournament creation completed","prizePool":0,"timestamp":"2025-12-28 01:29:32","tournamentId":8}
{"level":"info","message":"Scheduled auto-delete for tournament","startTime":"2025-12-30T16:45:00.000Z","timestamp":"2025-12-28 01:29:32","tournamentId":8}
{"level":"info","message":"Updating tournament","timestamp":"2025-12-28 01:29:32","tournamentId":"8","userId":1}
{"level":"info","message":"Tournament updated","timestamp":"2025-12-28 01:29:32","tournamentId":"8"}
{"level":"info","message":"Deleting tournament","timestamp":"2025-12-28 01:36:07","tournamentId":"8","userId":1}
{"level":"info","message":"Tournament deleted","timestamp":"2025-12-28 01:36:07","tournamentId":"8"}
{"body":{"client_currency":"TZS","currency":"TZS","entry_fee":0,"format":"double_elimination","game_id":2,"game_mode_id":3,"gamer_tag":"GenEvolver","name":"Boosted Tournament","platform_id":1,"prize_distribution":[{"percentage":100,"position":1}],"request_currency":"TZS","rules":"","start_time":"2025-12-30T16:45:00.000Z","total_slots":2,"visibility":"public"},"level":"info","message":"Creating tournament","timestamp":"2025-12-28 01:36:33","userId":1}
{"additionalContribution":0,"level":"info","message":"Tournament created","prizePool":0,"timestamp":"2025-12-28 01:36:33","tournamentId":9}
{"level":"info","message":"Tournament creation completed","prizePool":0,"timestamp":"2025-12-28 01:36:33","tournamentId":9}
{"level":"info","message":"Scheduled auto-delete for tournament","startTime":"2025-12-30T16:45:00.000Z","timestamp":"2025-12-28 01:36:33","tournamentId":9}
{"level":"info","message":"Updating tournament","timestamp":"2025-12-28 01:36:33","tournamentId":"9","userId":1}
{"level":"info","message":"Tournament updated","timestamp":"2025-12-28 01:36:33","tournamentId":"9"}
{"level":"info","message":"Deleting tournament","timestamp":"2025-12-28 01:37:17","tournamentId":"9","userId":1}
{"level":"info","message":"Tournament deleted","timestamp":"2025-12-28 01:37:17","tournamentId":"9"}
{"body":{"client_currency":"TZS","currency":"TZS","entry_fee":0,"format":"double_elimination","game_id":2,"game_mode_id":3,"gamer_tag":"GenEvolver","name":"Boosted Tournament","platform_id":1,"prize_distribution":[{"percentage":100,"position":1}],"request_currency":"TZS","rules":"","start_time":"2025-12-30T16:45:00.000Z","total_slots":2,"visibility":"public"},"level":"info","message":"Creating tournament","timestamp":"2025-12-28 01:38:39","userId":1}
{"additionalContribution":0,"level":"info","message":"Tournament created","prizePool":0,"timestamp":"2025-12-28 01:38:39","tournamentId":10}
{"level":"info","message":"Tournament creation completed","prizePool":0,"timestamp":"2025-12-28 01:38:39","tournamentId":10}
{"level":"info","message":"Scheduled auto-delete for tournament","startTime":"2025-12-30T16:45:00.000Z","timestamp":"2025-12-28 01:38:39","tournamentId":10}
{"level":"info","message":"Updating tournament","timestamp":"2025-12-28 01:38:39","tournamentId":"10","userId":1}
{"level":"info","message":"Tournament updated","timestamp":"2025-12-28 01:38:39","tournamentId":"10"}
{"level":"info","message":"Deleting tournament","timestamp":"2025-12-28 01:40:01","tournamentId":"10","userId":1}
{"level":"info","message":"Tournament deleted","timestamp":"2025-12-28 01:40:01","tournamentId":"10"}
{"body":{"client_currency":"TZS","currency":"TZS","entry_fee":0,"format":"double_elimination","game_id":2,"game_mode_id":3,"gamer_tag":"GenEvolver","name":"Boosted Tournament","platform_id":1,"prize_distribution":[{"percentage":100,"position":1}],"prize_pool":2,"request_currency":"TZS","rules":"","start_time":"2025-12-30T16:45:00.000Z","total_slots":2,"visibility":"public"},"level":"info","message":"Creating tournament","timestamp":"2025-12-28 01:40:20","userId":1}
{"additionalContribution":2,"level":"info","message":"Tournament created","prizePool":2,"timestamp":"2025-12-28 01:40:20","tournamentId":11}
{"level":"info","message":"Tournament creation completed","prizePool":2,"timestamp":"2025-12-28 01:40:20","tournamentId":11}
{"level":"info","message":"Scheduled auto-delete for tournament","startTime":"2025-12-30T16:45:00.000Z","timestamp":"2025-12-28 01:40:20","tournamentId":11}
{"level":"info","message":"Updating tournament","timestamp":"2025-12-28 01:40:20","tournamentId":"11","userId":1}
{"level":"info","message":"Tournament updated","timestamp":"2025-12-28 01:40:20","tournamentId":"11"}
{"level":"info","message":"Joining tournament","timestamp":"2025-12-28 11:12:18","tournamentId":"11","userId":2}
{"level":"info","message":"Successfully joined tournament","participantId":13,"timestamp":"2025-12-28 11:12:18","tournamentId":11,"userId":2}
{"error":"Cannot read properties of undefined (reading 'generateTournamentBracket')","level":"error","message":"Failed to generate bracket","timestamp":"2025-12-28 11:12:18","tournamentId":11}
{"level":"info","message":"Starting tournament","timestamp":"2025-12-28 11:15:23","tournamentId":"11","userId":1}
{"level":"info","message":"Tournament started","timestamp":"2025-12-28 11:15:23","tournamentId":"11"}
{"body":{"client_currency":"TZS","currency":"TZS","entry_fee":0,"format":"round_robin","game_id":1,"game_mode_id":2,"gamer_tag":"GenEvolver","name":"Boosted Tournament","platform_id":1,"prize_distribution":[{"percentage":100,"position":1}],"request_currency":"TZS","rules":"No predefined rules","start_time":"2025-12-30T16:45:00.000Z","total_slots":2,"visibility":"public"},"level":"info","message":"Creating tournament","timestamp":"2025-12-29 09:15:15","userId":3}
{"additionalContribution":0,"level":"info","message":"Tournament created","prizePool":0,"timestamp":"2025-12-29 09:15:15","tournamentId":1}
{"level":"info","message":"Tournament creation completed","prizePool":0,"timestamp":"2025-12-29 09:15:15","tournamentId":1}
{"level":"info","message":"Scheduled auto-delete for tournament","startTime":"2025-12-30T16:45:00.000Z","timestamp":"2025-12-29 09:15:15","tournamentId":1}
{"level":"info","message":"Joining tournament","timestamp":"2025-12-29 09:19:12","tournamentId":"1","userId":2}
{"level":"info","message":"Successfully joined tournament","participantId":2,"timestamp":"2025-12-29 09:19:12","tournamentId":1,"userId":2}
{"error":"Cannot read properties of undefined (reading 'generateTournamentBracket')","level":"error","message":"Failed to generate bracket","timestamp":"2025-12-29 09:19:12","tournamentId":1}
{"level":"info","message":"Starting tournament","timestamp":"2025-12-29 11:28:50","tournamentId":"1","userId":3}
{"level":"info","message":"Tournament started","timestamp":"2025-12-29 11:28:50","tournamentId":"1"}
{"body":{"client_currency":"TZS","currency":"TZS","entry_fee":0,"format":"round_robin","game_id":1,"game_mode_id":2,"gamer_tag":"GenEvolver","name":"Boosted Tournament","platform_id":1,"prize_distribution":[{"percentage":100,"position":1}],"request_currency":"TZS","rules":"Only 90 minutes for a match\nOnly less than 5 stars for a match","start_time":"2025-12-30T16:45:00.000Z","total_slots":2,"visibility":"public"},"level":"info","message":"Creating tournament","timestamp":"2025-12-29 12:32:57","userId":3}
{"additionalContribution":0,"level":"info","message":"Tournament created","prizePool":0,"timestamp":"2025-12-29 12:32:57","tournamentId":2}
{"level":"info","message":"Tournament creation completed","prizePool":0,"timestamp":"2025-12-29 12:32:57","tournamentId":2}
{"level":"info","message":"Scheduled auto-delete for tournament","startTime":"2025-12-30T16:45:00.000Z","timestamp":"2025-12-29 12:32:57","tournamentId":2}
{"level":"info","message":"Updating tournament","timestamp":"2025-12-29 12:32:58","tournamentId":"2","userId":3}
{"level":"info","message":"Tournament updated","timestamp":"2025-12-29 12:32:58","tournamentId":"2"}
{"error":"invalid input syntax for type integer: \"0573ccc3-b069-4fba-9041-0074627b2e06\"","level":"error","message":"Error fetching tournament","timestamp":"2025-12-30 13:11:56","tournamentId":"0573ccc3-b069-4fba-9041-0074627b2e06"}
{"error":"invalid input syntax for type integer: \"0573ccc3-b069-4fba-9041-0074627b2e06\"","level":"error","message":"Error fetching tournament","timestamp":"2025-12-30 13:11:56","tournamentId":"0573ccc3-b069-4fba-9041-0074627b2e06"}
{"error":"invalid input syntax for type integer: \"0573ccc3-b069-4fba-9041-0074627b2e06\"","level":"error","message":"Error fetching tournament","timestamp":"2025-12-30 13:34:07","tournamentId":"0573ccc3-b069-4fba-9041-0074627b2e06"}
{"error":"invalid input syntax for type integer: \"0573ccc3-b069-4fba-9041-0074627b2e06\"","level":"error","message":"Error fetching tournament","timestamp":"2025-12-30 13:34:07","tournamentId":"0573ccc3-b069-4fba-9041-0074627b2e06"}
{"error":"invalid input syntax for type integer: \"d68204ff-2364-4791-b59e-c59bde71ce51\"","level":"error","message":"Error fetching tournament","timestamp":"2025-12-30 13:34:44","tournamentId":"d68204ff-2364-4791-b59e-c59bde71ce51"}
{"error":"invalid input syntax for type integer: \"d68204ff-2364-4791-b59e-c59bde71ce51\"","level":"error","message":"Error fetching tournament","timestamp":"2025-12-30 13:34:44","tournamentId":"d68204ff-2364-4791-b59e-c59bde71ce51"}
{"error":"invalid input syntax for type integer: \"d68204ff-2364-4791-b59e-c59bde71ce51\"","level":"error","message":"Error fetching tournament","timestamp":"2025-12-30 13:36:00","tournamentId":"d68204ff-2364-4791-b59e-c59bde71ce51"}
{"error":"invalid input syntax for type integer: \"d68204ff-2364-4791-b59e-c59bde71ce51\"","level":"error","message":"Error fetching tournament","timestamp":"2025-12-30 13:36:00","tournamentId":"d68204ff-2364-4791-b59e-c59bde71ce51"}
{"body":{"client_currency":"TZS","currency":"TZS","entry_fee":0,"format":"round_robin","game_id":1,"game_mode_id":2,"gamer_tag":"GenEvolver","name":"Boosted Tournament","platform_id":1,"prize_distribution":[{"percentage":100,"position":1}],"request_currency":"TZS","rules":"five star is recommended , pro player is not allowed","start_time":"2026-01-03T16:45:00.000Z","total_slots":2,"visibility":"public"},"level":"info","message":"Creating tournament","timestamp":"2026-01-02 20:36:29","userId":3}
{"additionalContribution":0,"level":"info","message":"Tournament created","prizePool":0,"timestamp":"2026-01-02 20:36:29","tournamentId":3}
{"level":"info","message":"Tournament creation completed","prizePool":0,"timestamp":"2026-01-02 20:36:29","tournamentId":3}
{"level":"info","message":"Scheduled auto-delete for tournament","startTime":"2026-01-03T16:45:00.000Z","timestamp":"2026-01-02 20:36:29","tournamentId":3}
{"level":"info","message":"Updating tournament","timestamp":"2026-01-02 20:36:30","tournamentId":"3","userId":3}
{"level":"info","message":"Tournament updated","timestamp":"2026-01-02 20:36:30","tournamentId":"3"}
{"level":"info","message":"Joining tournament","timestamp":"2026-01-04 11:17:36","tournamentId":"3","userId":2}
{"level":"info","message":"Successfully joined tournament","participantId":5,"timestamp":"2026-01-04 11:17:36","tournamentId":3,"userId":2}
{"error":"Cannot read properties of undefined (reading 'generateTournamentBracket')","level":"error","message":"Failed to generate bracket","timestamp":"2026-01-04 11:17:36","tournamentId":3}
